GC Precious Log:
 CardTable entry size: 512
 CPUs: 8 total, 8 available
 Memory: 16273M
 Large Page Support: Disabled
 NUMA Support: Disabled
 Compressed Oops: Enabled (32-bit)
 Alignments: Space 512K, Generation 512K, Heap 2M
 Heap Min Capacity: 100M
 Heap Initial Capacity: 100M
 Heap Max Capacity: 2G
 Pre-touch: Disabled
 Parallel Workers: 8
Heap:
 PSYoungGen      total 15872K, used 4964K [0x00000000d5580000, 0x00000000d6880000, 0x0000000100000000)
  eden space 14336K, 27% used [0x00000000d5580000,0x00000000d594b0a8,0x00000000d6380000)
  from space 1536K, 70% used [0x00000000d6580000,0x00000000d668e2b0,0x00000000d6700000)
  to   space 1536K, 0% used [0x00000000d6700000,0x00000000d6700000,0x00000000d6880000)
 ParOldGen       total 178176K, used 177699K [0x0000000080000000, 0x000000008ae00000, 0x00000000d5580000)
  object space 178176K, 99% used [0x0000000080000000,0x000000008ad88ea8,0x000000008ae00000)
 Metaspace       used 34147K, committed 35520K, reserved 1114112K
  class space    used 3477K, committed 4096K, reserved 1048576K
GC Heap History (20 events):
Event: 19.540 GC heap before
{Heap before GC invocations=67 (full 1):
 PSYoungGen      total 24576K, used 24075K [0x00000000d5580000, 0x00000000d7700000, 0x0000000100000000)
  eden space 18432K, 100% used [0x00000000d5580000,0x00000000d6780000,0x00000000d6780000)
  from space 6144K, 91% used [0x00000000d6c80000,0x00000000d7202c60,0x00000000d7280000)
  to   space 4608K, 0% used [0x00000000d7280000,0x00000000d7280000,0x00000000d7700000)
 ParOldGen       total 151552K, used 151465K [0x0000000080000000, 0x0000000089400000, 0x00000000d5580000)
  object space 151552K, 99% used [0x0000000080000000,0x00000000893ea760,0x0000000089400000)
 Metaspace       used 31634K, committed 32832K, reserved 1114112K
  class space    used 3370K, committed 3904K, reserved 1048576K
}
Event: 19.547 GC heap after
{Heap after GC invocations=67 (full 1):
 PSYoungGen      total 22016K, used 3471K [0x00000000d5580000, 0x00000000d7600000, 0x0000000100000000)
  eden space 18432K, 0% used [0x00000000d5580000,0x00000000d5580000,0x00000000d6780000)
  from space 3584K, 96% used [0x00000000d7280000,0x00000000d75e3d58,0x00000000d7600000)
  to   space 4608K, 0% used [0x00000000d6d00000,0x00000000d6d00000,0x00000000d7180000)
 ParOldGen       total 156672K, used 156511K [0x0000000080000000, 0x0000000089900000, 0x00000000d5580000)
  object space 156672K, 99% used [0x0000000080000000,0x00000000898d7fb0,0x0000000089900000)
 Metaspace       used 31634K, committed 32832K, reserved 1114112K
  class space    used 3370K, committed 3904K, reserved 1048576K
}
Event: 19.861 GC heap before
{Heap before GC invocations=68 (full 1):
 PSYoungGen      total 22016K, used 21903K [0x00000000d5580000, 0x00000000d7600000, 0x0000000100000000)
  eden space 18432K, 100% used [0x00000000d5580000,0x00000000d6780000,0x00000000d6780000)
  from space 3584K, 96% used [0x00000000d7280000,0x00000000d75e3d58,0x00000000d7600000)
  to   space 4608K, 0% used [0x00000000d6d00000,0x00000000d6d00000,0x00000000d7180000)
 ParOldGen       total 156672K, used 156511K [0x0000000080000000, 0x0000000089900000, 0x00000000d5580000)
  object space 156672K, 99% used [0x0000000080000000,0x00000000898d7fb0,0x0000000089900000)
 Metaspace       used 32003K, committed 33344K, reserved 1114112K
  class space    used 3376K, committed 3968K, reserved 1048576K
}
Event: 19.871 GC heap after
{Heap after GC invocations=68 (full 1):
 PSYoungGen      total 23040K, used 4213K [0x00000000d5580000, 0x00000000d7300000, 0x0000000100000000)
  eden space 18432K, 0% used [0x00000000d5580000,0x00000000d5580000,0x00000000d6780000)
  from space 4608K, 91% used [0x00000000d6d00000,0x00000000d711d4b0,0x00000000d7180000)
  to   space 1536K, 0% used [0x00000000d7180000,0x00000000d7180000,0x00000000d7300000)
 ParOldGen       total 159744K, used 159273K [0x0000000080000000, 0x0000000089c00000, 0x00000000d5580000)
  object space 159744K, 99% used [0x0000000080000000,0x0000000089b8a670,0x0000000089c00000)
 Metaspace       used 32003K, committed 33344K, reserved 1114112K
  class space    used 3376K, committed 3968K, reserved 1048576K
}
Event: 20.276 GC heap before
{Heap before GC invocations=69 (full 1):
 PSYoungGen      total 23040K, used 22645K [0x00000000d5580000, 0x00000000d7300000, 0x0000000100000000)
  eden space 18432K, 100% used [0x00000000d5580000,0x00000000d6780000,0x00000000d6780000)
  from space 4608K, 91% used [0x00000000d6d00000,0x00000000d711d4b0,0x00000000d7180000)
  to   space 1536K, 0% used [0x00000000d7180000,0x00000000d7180000,0x00000000d7300000)
 ParOldGen       total 159744K, used 159273K [0x0000000080000000, 0x0000000089c00000, 0x00000000d5580000)
  object space 159744K, 99% used [0x0000000080000000,0x0000000089b8a670,0x0000000089c00000)
 Metaspace       used 32254K, committed 33536K, reserved 1114112K
  class space    used 3380K, committed 3968K, reserved 1048576K
}
Event: 20.283 GC heap after
{Heap after GC invocations=69 (full 1):
 PSYoungGen      total 19968K, used 1524K [0x00000000d5580000, 0x00000000d7580000, 0x0000000100000000)
  eden space 18432K, 0% used [0x00000000d5580000,0x00000000d5580000,0x00000000d6780000)
  from space 1536K, 99% used [0x00000000d7180000,0x00000000d72fd1e0,0x00000000d7300000)
  to   space 7168K, 0% used [0x00000000d6780000,0x00000000d6780000,0x00000000d6e80000)
 ParOldGen       total 164352K, used 164299K [0x0000000080000000, 0x000000008a080000, 0x00000000d5580000)
  object space 164352K, 99% used [0x0000000080000000,0x000000008a072c30,0x000000008a080000)
 Metaspace       used 32254K, committed 33536K, reserved 1114112K
  class space    used 3380K, committed 3968K, reserved 1048576K
}
Event: 20.594 GC heap before
{Heap before GC invocations=70 (full 1):
 PSYoungGen      total 19968K, used 19956K [0x00000000d5580000, 0x00000000d7580000, 0x0000000100000000)
  eden space 18432K, 100% used [0x00000000d5580000,0x00000000d6780000,0x00000000d6780000)
  from space 1536K, 99% used [0x00000000d7180000,0x00000000d72fd1e0,0x00000000d7300000)
  to   space 7168K, 0% used [0x00000000d6780000,0x00000000d6780000,0x00000000d6e80000)
 ParOldGen       total 164352K, used 164299K [0x0000000080000000, 0x000000008a080000, 0x00000000d5580000)
  object space 164352K, 99% used [0x0000000080000000,0x000000008a072c30,0x000000008a080000)
 Metaspace       used 32631K, committed 33920K, reserved 1114112K
  class space    used 3384K, committed 3968K, reserved 1048576K
}
Event: 20.599 GC heap after
{Heap after GC invocations=70 (full 1):
 PSYoungGen      total 22528K, used 3703K [0x00000000d5580000, 0x00000000d7200000, 0x0000000100000000)
  eden space 18432K, 0% used [0x00000000d5580000,0x00000000d5580000,0x00000000d6780000)
  from space 4096K, 90% used [0x00000000d6780000,0x00000000d6b1de30,0x00000000d6b80000)
  to   space 5120K, 0% used [0x00000000d6d00000,0x00000000d6d00000,0x00000000d7200000)
 ParOldGen       total 165888K, used 165398K [0x0000000080000000, 0x000000008a200000, 0x00000000d5580000)
  object space 165888K, 99% used [0x0000000080000000,0x000000008a185860,0x000000008a200000)
 Metaspace       used 32631K, committed 33920K, reserved 1114112K
  class space    used 3384K, committed 3968K, reserved 1048576K
}
Event: 21.051 GC heap before
{Heap before GC invocations=71 (full 1):
 PSYoungGen      total 22528K, used 22135K [0x00000000d5580000, 0x00000000d7200000, 0x0000000100000000)
  eden space 18432K, 100% used [0x00000000d5580000,0x00000000d6780000,0x00000000d6780000)
  from space 4096K, 90% used [0x00000000d6780000,0x00000000d6b1de30,0x00000000d6b80000)
  to   space 5120K, 0% used [0x00000000d6d00000,0x00000000d6d00000,0x00000000d7200000)
 ParOldGen       total 165888K, used 165398K [0x0000000080000000, 0x000000008a200000, 0x00000000d5580000)
  object space 165888K, 99% used [0x0000000080000000,0x000000008a185860,0x000000008a200000)
 Metaspace       used 33081K, committed 34368K, reserved 1114112K
  class space    used 3401K, committed 3968K, reserved 1048576K
}
Event: 21.057 GC heap after
{Heap after GC invocations=71 (full 1):
 PSYoungGen      total 19456K, used 5116K [0x00000000d5580000, 0x00000000d7a80000, 0x0000000100000000)
  eden space 14336K, 0% used [0x00000000d5580000,0x00000000d5580000,0x00000000d6380000)
  from space 5120K, 99% used [0x00000000d6d00000,0x00000000d71ff188,0x00000000d7200000)
  to   space 9728K, 0% used [0x00000000d6380000,0x00000000d6380000,0x00000000d6d00000)
 ParOldGen       total 168960K, used 168829K [0x0000000080000000, 0x000000008a500000, 0x00000000d5580000)
  object space 168960K, 99% used [0x0000000080000000,0x000000008a4df698,0x000000008a500000)
 Metaspace       used 33081K, committed 34368K, reserved 1114112K
  class space    used 3401K, committed 3968K, reserved 1048576K
}
Event: 21.215 GC heap before
{Heap before GC invocations=72 (full 1):
 PSYoungGen      total 19456K, used 19452K [0x00000000d5580000, 0x00000000d7a80000, 0x0000000100000000)
  eden space 14336K, 100% used [0x00000000d5580000,0x00000000d6380000,0x00000000d6380000)
  from space 5120K, 99% used [0x00000000d6d00000,0x00000000d71ff188,0x00000000d7200000)
  to   space 9728K, 0% used [0x00000000d6380000,0x00000000d6380000,0x00000000d6d00000)
 ParOldGen       total 168960K, used 168829K [0x0000000080000000, 0x000000008a500000, 0x00000000d5580000)
  object space 168960K, 99% used [0x0000000080000000,0x000000008a4df698,0x000000008a500000)
 Metaspace       used 33220K, committed 34496K, reserved 1114112K
  class space    used 3401K, committed 3968K, reserved 1048576K
}
Event: 21.219 GC heap after
{Heap after GC invocations=72 (full 1):
 PSYoungGen      total 14848K, used 448K [0x00000000d5580000, 0x00000000d6d80000, 0x0000000100000000)
  eden space 14336K, 0% used [0x00000000d5580000,0x00000000d5580000,0x00000000d6380000)
  from space 512K, 87% used [0x00000000d6380000,0x00000000d63f0000,0x00000000d6400000)
  to   space 3584K, 0% used [0x00000000d6a00000,0x00000000d6a00000,0x00000000d6d80000)
 ParOldGen       total 173568K, used 173141K [0x0000000080000000, 0x000000008a980000, 0x00000000d5580000)
  object space 173568K, 99% used [0x0000000080000000,0x000000008a915598,0x000000008a980000)
 Metaspace       used 33220K, committed 34496K, reserved 1114112K
  class space    used 3401K, committed 3968K, reserved 1048576K
}
Event: 32.128 GC heap before
{Heap before GC invocations=73 (full 1):
 PSYoungGen      total 14848K, used 14784K [0x00000000d5580000, 0x00000000d6d80000, 0x0000000100000000)
  eden space 14336K, 100% used [0x00000000d5580000,0x00000000d6380000,0x00000000d6380000)
  from space 512K, 87% used [0x00000000d6380000,0x00000000d63f0000,0x00000000d6400000)
  to   space 3584K, 0% used [0x00000000d6a00000,0x00000000d6a00000,0x00000000d6d80000)
 ParOldGen       total 173568K, used 173141K [0x0000000080000000, 0x000000008a980000, 0x00000000d5580000)
  object space 173568K, 99% used [0x0000000080000000,0x000000008a915598,0x000000008a980000)
 Metaspace       used 33293K, committed 34560K, reserved 1114112K
  class space    used 3401K, committed 3968K, reserved 1048576K
}
Event: 32.131 GC heap after
{Heap after GC invocations=73 (full 1):
 PSYoungGen      total 17920K, used 3092K [0x00000000d5580000, 0x00000000d6d80000, 0x0000000100000000)
  eden space 14336K, 0% used [0x00000000d5580000,0x00000000d5580000,0x00000000d6380000)
  from space 3584K, 86% used [0x00000000d6a00000,0x00000000d6d05158,0x00000000d6d80000)
  to   space 4096K, 0% used [0x00000000d6580000,0x00000000d6580000,0x00000000d6980000)
 ParOldGen       total 173568K, used 173213K [0x0000000080000000, 0x000000008a980000, 0x00000000d5580000)
  object space 173568K, 99% used [0x0000000080000000,0x000000008a927598,0x000000008a980000)
 Metaspace       used 33293K, committed 34560K, reserved 1114112K
  class space    used 3401K, committed 3968K, reserved 1048576K
}
Event: 15486.292 GC heap before
{Heap before GC invocations=74 (full 1):
 PSYoungGen      total 17920K, used 17428K [0x00000000d5580000, 0x00000000d6d80000, 0x0000000100000000)
  eden space 14336K, 100% used [0x00000000d5580000,0x00000000d6380000,0x00000000d6380000)
  from space 3584K, 86% used [0x00000000d6a00000,0x00000000d6d05158,0x00000000d6d80000)
  to   space 4096K, 0% used [0x00000000d6580000,0x00000000d6580000,0x00000000d6980000)
 ParOldGen       total 173568K, used 173213K [0x0000000080000000, 0x000000008a980000, 0x00000000d5580000)
  object space 173568K, 99% used [0x0000000080000000,0x000000008a927598,0x000000008a980000)
 Metaspace       used 33674K, committed 35008K, reserved 1114112K
  class space    used 3440K, committed 4032K, reserved 1048576K
}
Event: 15486.699 GC heap after
{Heap after GC invocations=74 (full 1):
 PSYoungGen      total 16384K, used 1632K [0x00000000d5580000, 0x00000000d6a80000, 0x0000000100000000)
  eden space 14336K, 0% used [0x00000000d5580000,0x00000000d5580000,0x00000000d6380000)
  from space 2048K, 79% used [0x00000000d6580000,0x00000000d6718000,0x00000000d6780000)
  to   space 2560K, 0% used [0x00000000d6800000,0x00000000d6800000,0x00000000d6a80000)
 ParOldGen       total 176128K, used 175718K [0x0000000080000000, 0x000000008ac00000, 0x00000000d5580000)
  object space 176128K, 99% used [0x0000000080000000,0x000000008ab99858,0x000000008ac00000)
 Metaspace       used 33674K, committed 35008K, reserved 1114112K
  class space    used 3440K, committed 4032K, reserved 1048576K
}
Event: 15488.281 GC heap before
{Heap before GC invocations=75 (full 1):
 PSYoungGen      total 16384K, used 15808K [0x00000000d5580000, 0x00000000d6a80000, 0x0000000100000000)
  eden space 14336K, 98% used [0x00000000d5580000,0x00000000d6358100,0x00000000d6380000)
  from space 2048K, 79% used [0x00000000d6580000,0x00000000d6718000,0x00000000d6780000)
  to   space 2560K, 0% used [0x00000000d6800000,0x00000000d6800000,0x00000000d6a80000)
 ParOldGen       total 176128K, used 175718K [0x0000000080000000, 0x000000008ac00000, 0x00000000d5580000)
  object space 176128K, 99% used [0x0000000080000000,0x000000008ab99858,0x000000008ac00000)
 Metaspace       used 33896K, committed 35264K, reserved 1114112K
  class space    used 3469K, committed 4096K, reserved 1048576K
}
Event: 15488.298 GC heap after
{Heap after GC invocations=75 (full 1):
 PSYoungGen      total 16384K, used 1639K [0x00000000d5580000, 0x00000000d6a00000, 0x0000000100000000)
  eden space 14336K, 0% used [0x00000000d5580000,0x00000000d5580000,0x00000000d6380000)
  from space 2048K, 80% used [0x00000000d6800000,0x00000000d6999ed0,0x00000000d6a00000)
  to   space 2048K, 0% used [0x00000000d6580000,0x00000000d6580000,0x00000000d6780000)
 ParOldGen       total 177152K, used 176745K [0x0000000080000000, 0x000000008ad00000, 0x00000000d5580000)
  object space 177152K, 99% used [0x0000000080000000,0x000000008ac9a448,0x000000008ad00000)
 Metaspace       used 33896K, committed 35264K, reserved 1114112K
  class space    used 3469K, committed 4096K, reserved 1048576K
}
Event: 15489.622 GC heap before
{Heap before GC invocations=76 (full 1):
 PSYoungGen      total 16384K, used 15975K [0x00000000d5580000, 0x00000000d6a00000, 0x0000000100000000)
  eden space 14336K, 99% used [0x00000000d5580000,0x00000000d637ffe8,0x00000000d6380000)
  from space 2048K, 80% used [0x00000000d6800000,0x00000000d6999ed0,0x00000000d6a00000)
  to   space 2048K, 0% used [0x00000000d6580000,0x00000000d6580000,0x00000000d6780000)
 ParOldGen       total 177152K, used 176745K [0x0000000080000000, 0x000000008ad00000, 0x00000000d5580000)
  object space 177152K, 99% used [0x0000000080000000,0x000000008ac9a448,0x000000008ad00000)
 Metaspace       used 34111K, committed 35456K, reserved 1114112K
  class space    used 3477K, committed 4096K, reserved 1048576K
}
Event: 15489.626 GC heap after
{Heap after GC invocations=76 (full 1):
 PSYoungGen      total 15872K, used 1080K [0x00000000d5580000, 0x00000000d6880000, 0x0000000100000000)
  eden space 14336K, 0% used [0x00000000d5580000,0x00000000d5580000,0x00000000d6380000)
  from space 1536K, 70% used [0x00000000d6580000,0x00000000d668e2b0,0x00000000d6700000)
  to   space 1536K, 0% used [0x00000000d6700000,0x00000000d6700000,0x00000000d6880000)
 ParOldGen       total 178176K, used 177699K [0x0000000080000000, 0x000000008ae00000, 0x00000000d5580000)
  object space 178176K, 99% used [0x0000000080000000,0x000000008ad88ea8,0x000000008ae00000)
 Metaspace       used 34111K, committed 35456K, reserved 1114112K
  class space    used 3477K, committed 4096K, reserved 1048576K
}

